INFO 2015-06-03 01:00:52,465: Loading Service
INFO 2015-06-03 01:00:52,466: Starting Dredd
INFO 2015-06-03 01:01:51,193: Loading Service
INFO 2015-06-03 01:01:51,193: Dredd is running...
INFO 2015-06-03 01:01:51,193: Starting Dredd
INFO 2015-06-03 01:04:43,694: Loading Service
INFO 2015-06-03 01:04:43,695: Dredd is running...
INFO 2015-06-03 01:04:49,607: Loading Service
INFO 2015-06-03 01:04:49,608: Dredd is running...
INFO 2015-06-03 01:04:49,608: Stopping Dredd
INFO 2015-06-03 01:04:58,739: Loading Service
INFO 2015-06-03 01:04:58,739: Dredd is running...
INFO 2015-06-03 01:05:10,904: Loading Service
INFO 2015-06-03 01:05:10,905: Dredd is running...
INFO 2015-06-03 01:05:10,905: Starting Dredd
INFO 2015-06-03 01:05:31,752: Loading Service
INFO 2015-06-03 01:05:31,752: Dredd is running...
INFO 2015-06-03 01:05:31,752: Starting Dredd
INFO 2015-06-03 01:05:31,753: Polling Queue
INFO 2015-06-03 01:05:33,755: Polling Queue
INFO 2015-06-03 01:05:37,761: Polling Queue
INFO 2015-06-03 01:05:45,770: Polling Queue
INFO 2015-06-03 01:05:55,781: Polling Queue
INFO 2015-06-03 01:06:05,782: Polling Queue
INFO 2015-06-03 01:06:15,783: Polling Queue
INFO 2015-06-03 01:06:25,792: Polling Queue
INFO 2015-06-03 01:06:35,798: Polling Queue
INFO 2015-06-03 01:06:38,280: Loading Service
INFO 2015-06-03 01:06:38,280: Dredd is running...
INFO 2015-06-03 01:06:38,280: Starting Dredd
INFO 2015-06-03 01:06:38,281: Polling Queue
INFO 2015-06-03 01:06:40,284: Polling Queue
INFO 2015-06-03 01:06:44,288: Polling Queue
INFO 2015-06-03 01:06:52,291: Polling Queue
INFO 2015-06-03 01:07:02,297: Polling Queue
INFO 2015-06-03 01:07:12,307: Polling Queue
INFO 2015-06-03 01:07:22,310: Polling Queue
INFO 2015-06-03 01:07:32,320: Polling Queue
INFO 2015-06-03 01:07:42,330: Polling Queue
INFO 2015-06-03 01:07:52,335: Polling Queue
INFO 2015-06-03 01:08:02,336: Polling Queue
INFO 2015-06-03 01:08:12,343: Polling Queue
INFO 2015-06-03 01:08:32,102: Loading Service
INFO 2015-06-03 01:08:32,102: Dredd is running...
INFO 2015-06-03 01:08:32,102: Starting Dredd
INFO 2015-06-03 01:08:32,102: Polling Queue
INFO 2015-06-03 01:08:34,105: Polling Queue
INFO 2015-06-03 01:08:38,110: Polling Queue
INFO 2015-06-03 01:08:46,115: Polling Queue
INFO 2015-06-03 01:08:56,119: Polling Queue
INFO 2015-06-03 01:09:01,020: Loading Service
INFO 2015-06-03 01:09:01,020: Dredd is running...
INFO 2015-06-03 01:09:01,020: Starting Dredd
INFO 2015-06-03 01:09:01,020: Polling Queue
INFO 2015-06-03 01:09:01,021: Getting email from: https://s3.amazonaws.com/vesper-stubs/email_object.json
WARNING 2015-06-03 01:09:01,021: There was an error pulling email data fromhttps://s3.amazonaws.com/vesper-stubs/email_object.json
INFO 2015-06-03 01:09:03,024: Polling Queue
INFO 2015-06-03 01:09:03,024: Getting email from: https://s3.amazonaws.com/vesper-stubs/email_object.json
WARNING 2015-06-03 01:09:03,025: There was an error pulling email data fromhttps://s3.amazonaws.com/vesper-stubs/email_object.json
INFO 2015-06-03 01:09:07,028: Polling Queue
INFO 2015-06-03 01:09:07,028: Getting email from: https://s3.amazonaws.com/vesper-stubs/email_object.json
WARNING 2015-06-03 01:09:07,028: There was an error pulling email data fromhttps://s3.amazonaws.com/vesper-stubs/email_object.json
INFO 2015-06-03 01:09:15,030: Polling Queue
INFO 2015-06-03 01:09:15,031: Getting email from: https://s3.amazonaws.com/vesper-stubs/email_object.json
WARNING 2015-06-03 01:09:15,031: There was an error pulling email data fromhttps://s3.amazonaws.com/vesper-stubs/email_object.json
INFO 2015-06-03 01:09:25,033: Polling Queue
INFO 2015-06-03 01:09:25,033: Getting email from: https://s3.amazonaws.com/vesper-stubs/email_object.json
WARNING 2015-06-03 01:09:25,033: There was an error pulling email data fromhttps://s3.amazonaws.com/vesper-stubs/email_object.json
INFO 2015-06-03 01:09:33,505: Loading Service
INFO 2015-06-03 01:09:33,505: Dredd is running...
INFO 2015-06-03 01:09:33,505: Starting Dredd
INFO 2015-06-03 01:09:33,506: Polling Queue
INFO 2015-06-03 01:09:33,506: Getting email from: https://s3.amazonaws.com/vesper-stubs/email_object.json
WARNING 2015-06-03 01:09:33,506: There was an error pulling email data fromhttps://s3.amazonaws.com/vesper-stubs/email_object.json
INFO 2015-06-03 01:09:35,509: Polling Queue
INFO 2015-06-03 01:09:35,509: Getting email from: https://s3.amazonaws.com/vesper-stubs/email_object.json
WARNING 2015-06-03 01:09:35,509: There was an error pulling email data fromhttps://s3.amazonaws.com/vesper-stubs/email_object.json
INFO 2015-06-03 01:09:39,511: Polling Queue
INFO 2015-06-03 01:09:39,511: Getting email from: https://s3.amazonaws.com/vesper-stubs/email_object.json
WARNING 2015-06-03 01:09:39,511: There was an error pulling email data fromhttps://s3.amazonaws.com/vesper-stubs/email_object.json
INFO 2015-06-03 01:09:47,513: Polling Queue
INFO 2015-06-03 01:09:47,513: Getting email from: https://s3.amazonaws.com/vesper-stubs/email_object.json
WARNING 2015-06-03 01:09:47,514: There was an error pulling email data fromhttps://s3.amazonaws.com/vesper-stubs/email_object.json
INFO 2015-06-03 01:10:06,211: Loading Service
INFO 2015-06-03 01:10:06,211: Dredd is running...
INFO 2015-06-03 01:10:06,212: Starting Dredd
INFO 2015-06-03 01:10:06,212: Polling Queue
INFO 2015-06-03 01:10:06,212: Getting email from: https://s3.amazonaws.com/vesper-stubs/email_object.json
INFO 2015-06-03 01:10:08,563: Polling Queue
INFO 2015-06-03 01:10:08,563: Getting email from: https://s3.amazonaws.com/vesper-stubs/email_object.json
INFO 2015-06-03 01:10:12,891: Polling Queue
INFO 2015-06-03 01:10:12,891: Getting email from: https://s3.amazonaws.com/vesper-stubs/email_object.json
INFO 2015-06-03 01:10:21,209: Polling Queue
INFO 2015-06-03 01:10:21,209: Getting email from: https://s3.amazonaws.com/vesper-stubs/email_object.json
INFO 2015-06-03 01:10:31,530: Polling Queue
INFO 2015-06-03 01:10:31,531: Getting email from: https://s3.amazonaws.com/vesper-stubs/email_object.json
INFO 2015-06-03 01:10:41,896: Polling Queue
INFO 2015-06-03 01:10:41,897: Getting email from: https://s3.amazonaws.com/vesper-stubs/email_object.json
INFO 2015-06-03 01:10:52,224: Polling Queue
INFO 2015-06-03 01:10:52,225: Getting email from: https://s3.amazonaws.com/vesper-stubs/email_object.json
INFO 2015-06-03 01:11:02,697: Polling Queue
INFO 2015-06-03 01:11:02,698: Getting email from: https://s3.amazonaws.com/vesper-stubs/email_object.json
INFO 2015-06-03 01:11:13,053: Polling Queue
INFO 2015-06-03 01:11:13,053: Getting email from: https://s3.amazonaws.com/vesper-stubs/email_object.json
INFO 2015-06-03 01:11:23,362: Polling Queue
INFO 2015-06-03 01:11:23,363: Getting email from: https://s3.amazonaws.com/vesper-stubs/email_object.json
INFO 2015-06-03 01:11:33,687: Polling Queue
INFO 2015-06-03 01:11:33,687: Getting email from: https://s3.amazonaws.com/vesper-stubs/email_object.json
INFO 2015-06-03 01:11:44,068: Polling Queue
INFO 2015-06-03 01:11:44,068: Getting email from: https://s3.amazonaws.com/vesper-stubs/email_object.json
INFO 2015-06-03 01:11:54,383: Polling Queue
INFO 2015-06-03 01:11:54,384: Getting email from: https://s3.amazonaws.com/vesper-stubs/email_object.json
INFO 2015-06-03 01:12:04,717: Polling Queue
INFO 2015-06-03 01:12:04,717: Getting email from: https://s3.amazonaws.com/vesper-stubs/email_object.json
INFO 2015-06-03 01:12:15,032: Polling Queue
INFO 2015-06-03 01:12:15,033: Getting email from: https://s3.amazonaws.com/vesper-stubs/email_object.json
INFO 2015-06-03 01:12:25,352: Polling Queue
INFO 2015-06-03 01:12:25,352: Getting email from: https://s3.amazonaws.com/vesper-stubs/email_object.json
INFO 2015-06-03 01:12:35,689: Polling Queue
INFO 2015-06-03 01:12:35,690: Getting email from: https://s3.amazonaws.com/vesper-stubs/email_object.json
INFO 2015-06-03 01:12:46,008: Polling Queue
INFO 2015-06-03 01:12:46,008: Getting email from: https://s3.amazonaws.com/vesper-stubs/email_object.json
INFO 2015-06-03 01:12:56,330: Polling Queue
INFO 2015-06-03 01:12:56,331: Getting email from: https://s3.amazonaws.com/vesper-stubs/email_object.json
INFO 2015-06-03 01:13:06,644: Polling Queue
INFO 2015-06-03 01:13:06,644: Getting email from: https://s3.amazonaws.com/vesper-stubs/email_object.json
INFO 2015-06-03 01:13:16,961: Polling Queue
INFO 2015-06-03 01:13:16,962: Getting email from: https://s3.amazonaws.com/vesper-stubs/email_object.json
INFO 2015-06-03 01:13:27,527: Polling Queue
INFO 2015-06-03 01:13:27,527: Getting email from: https://s3.amazonaws.com/vesper-stubs/email_object.json
INFO 2015-06-03 01:13:37,887: Polling Queue
INFO 2015-06-03 01:13:37,888: Getting email from: https://s3.amazonaws.com/vesper-stubs/email_object.json
INFO 2015-06-03 01:13:48,209: Polling Queue
INFO 2015-06-03 01:13:48,209: Getting email from: https://s3.amazonaws.com/vesper-stubs/email_object.json
INFO 2015-06-03 01:13:58,576: Polling Queue
INFO 2015-06-03 01:13:58,577: Getting email from: https://s3.amazonaws.com/vesper-stubs/email_object.json
INFO 2015-06-03 01:14:08,900: Polling Queue
INFO 2015-06-03 01:14:08,901: Getting email from: https://s3.amazonaws.com/vesper-stubs/email_object.json
INFO 2015-06-03 01:14:19,218: Polling Queue
INFO 2015-06-03 01:14:19,219: Getting email from: https://s3.amazonaws.com/vesper-stubs/email_object.json
INFO 2015-06-03 01:14:29,533: Polling Queue
INFO 2015-06-03 01:14:29,534: Getting email from: https://s3.amazonaws.com/vesper-stubs/email_object.json
INFO 2015-06-03 01:14:39,849: Polling Queue
INFO 2015-06-03 01:14:39,849: Getting email from: https://s3.amazonaws.com/vesper-stubs/email_object.json
INFO 2015-06-03 01:14:50,159: Polling Queue
INFO 2015-06-03 01:14:50,160: Getting email from: https://s3.amazonaws.com/vesper-stubs/email_object.json
INFO 2015-06-03 01:15:00,511: Polling Queue
INFO 2015-06-03 01:15:00,511: Getting email from: https://s3.amazonaws.com/vesper-stubs/email_object.json
INFO 2015-06-03 01:15:10,825: Polling Queue
INFO 2015-06-03 01:15:10,825: Getting email from: https://s3.amazonaws.com/vesper-stubs/email_object.json
INFO 2015-06-03 01:15:21,175: Polling Queue
INFO 2015-06-03 01:15:21,175: Getting email from: https://s3.amazonaws.com/vesper-stubs/email_object.json
INFO 2015-06-03 01:15:31,479: Polling Queue
INFO 2015-06-03 01:15:31,479: Getting email from: https://s3.amazonaws.com/vesper-stubs/email_object.json
INFO 2015-06-03 01:15:41,803: Polling Queue
INFO 2015-06-03 01:15:41,803: Getting email from: https://s3.amazonaws.com/vesper-stubs/email_object.json
INFO 2015-06-03 01:15:52,135: Polling Queue
INFO 2015-06-03 01:15:52,135: Getting email from: https://s3.amazonaws.com/vesper-stubs/email_object.json
INFO 2015-06-03 01:16:02,532: Polling Queue
INFO 2015-06-03 01:16:02,532: Getting email from: https://s3.amazonaws.com/vesper-stubs/email_object.json
INFO 2015-06-03 01:16:12,858: Polling Queue
INFO 2015-06-03 01:16:12,859: Getting email from: https://s3.amazonaws.com/vesper-stubs/email_object.json
INFO 2015-06-03 01:16:23,174: Polling Queue
INFO 2015-06-03 01:16:23,175: Getting email from: https://s3.amazonaws.com/vesper-stubs/email_object.json
INFO 2015-06-03 01:16:33,512: Polling Queue
INFO 2015-06-03 01:16:33,512: Getting email from: https://s3.amazonaws.com/vesper-stubs/email_object.json
INFO 2015-06-03 01:17:02,563: Loading Service
INFO 2015-06-03 01:17:02,565: Dredd is running...
INFO 2015-06-03 01:17:02,565: Starting Dredd
INFO 2015-06-03 01:17:02,565: Polling Queue
INFO 2015-06-03 01:17:02,566: Getting email from: https://s3.amazonaws.com/vesper-stubs/email_object.json
INFO 2015-06-03 01:17:04,923: Polling Queue
INFO 2015-06-03 01:17:04,923: Getting email from: https://s3.amazonaws.com/vesper-stubs/email_object.json
INFO 2015-06-03 01:17:09,315: Polling Queue
INFO 2015-06-03 01:17:09,315: Getting email from: https://s3.amazonaws.com/vesper-stubs/email_object.json
INFO 2015-06-03 01:17:17,732: Polling Queue
INFO 2015-06-03 01:17:17,732: Getting email from: https://s3.amazonaws.com/vesper-stubs/email_object.json
INFO 2015-06-03 01:17:28,069: Polling Queue
INFO 2015-06-03 01:17:28,070: Getting email from: https://s3.amazonaws.com/vesper-stubs/email_object.json
INFO 2015-06-03 01:17:38,399: Polling Queue
INFO 2015-06-03 01:17:38,399: Getting email from: https://s3.amazonaws.com/vesper-stubs/email_object.json
INFO 2015-06-03 01:17:48,826: Polling Queue
INFO 2015-06-03 01:17:48,826: Getting email from: https://s3.amazonaws.com/vesper-stubs/email_object.json
INFO 2015-06-03 01:17:59,138: Polling Queue
INFO 2015-06-03 01:17:59,139: Getting email from: https://s3.amazonaws.com/vesper-stubs/email_object.json
INFO 2015-06-03 01:18:09,454: Polling Queue
INFO 2015-06-03 01:18:09,454: Getting email from: https://s3.amazonaws.com/vesper-stubs/email_object.json
INFO 2015-06-03 01:18:19,780: Polling Queue
INFO 2015-06-03 01:18:19,780: Getting email from: https://s3.amazonaws.com/vesper-stubs/email_object.json
INFO 2015-06-03 01:18:30,116: Polling Queue
INFO 2015-06-03 01:18:30,116: Getting email from: https://s3.amazonaws.com/vesper-stubs/email_object.json
INFO 2015-06-03 01:18:40,448: Polling Queue
INFO 2015-06-03 01:18:40,449: Getting email from: https://s3.amazonaws.com/vesper-stubs/email_object.json
INFO 2015-06-03 01:18:50,777: Polling Queue
INFO 2015-06-03 01:18:50,777: Getting email from: https://s3.amazonaws.com/vesper-stubs/email_object.json
INFO 2015-06-03 01:19:01,089: Polling Queue
INFO 2015-06-03 01:19:01,090: Getting email from: https://s3.amazonaws.com/vesper-stubs/email_object.json
INFO 2015-06-03 01:19:11,668: Loading Service
INFO 2015-06-03 01:19:11,669: Dredd is running...
INFO 2015-06-03 01:19:11,669: Starting Dredd
INFO 2015-06-03 01:19:11,669: Polling Queue
INFO 2015-06-03 01:19:11,669: Getting email from: https://s3.amazonaws.com/vesper-stubs/email_object.json
INFO 2015-06-03 01:19:13,969: Polling Queue
INFO 2015-06-03 01:19:13,969: Getting email from: https://s3.amazonaws.com/vesper-stubs/email_object.json
INFO 2015-06-03 01:19:18,368: Polling Queue
INFO 2015-06-03 01:19:18,369: Getting email from: https://s3.amazonaws.com/vesper-stubs/email_object.json
INFO 2015-06-03 01:19:26,711: Polling Queue
INFO 2015-06-03 01:19:26,711: Getting email from: https://s3.amazonaws.com/vesper-stubs/email_object.json
INFO 2015-06-03 01:19:37,037: Polling Queue
INFO 2015-06-03 01:19:37,038: Getting email from: https://s3.amazonaws.com/vesper-stubs/email_object.json
INFO 2015-06-03 01:19:47,352: Polling Queue
INFO 2015-06-03 01:19:47,353: Getting email from: https://s3.amazonaws.com/vesper-stubs/email_object.json
INFO 2015-06-03 01:19:57,676: Polling Queue
INFO 2015-06-03 01:19:57,677: Getting email from: https://s3.amazonaws.com/vesper-stubs/email_object.json
INFO 2015-06-03 01:20:08,000: Polling Queue
INFO 2015-06-03 01:20:08,001: Getting email from: https://s3.amazonaws.com/vesper-stubs/email_object.json
INFO 2015-06-03 01:20:18,340: Polling Queue
INFO 2015-06-03 01:20:18,340: Getting email from: https://s3.amazonaws.com/vesper-stubs/email_object.json
INFO 2015-06-03 01:20:28,673: Polling Queue
INFO 2015-06-03 01:20:28,673: Getting email from: https://s3.amazonaws.com/vesper-stubs/email_object.json
INFO 2015-06-03 01:20:38,986: Polling Queue
INFO 2015-06-03 01:20:38,987: Getting email from: https://s3.amazonaws.com/vesper-stubs/email_object.json
INFO 2015-06-03 01:20:49,374: Polling Queue
INFO 2015-06-03 01:20:49,375: Getting email from: https://s3.amazonaws.com/vesper-stubs/email_object.json
INFO 2015-06-03 01:20:59,686: Polling Queue
INFO 2015-06-03 01:20:59,686: Getting email from: https://s3.amazonaws.com/vesper-stubs/email_object.json
INFO 2015-06-03 01:21:10,009: Polling Queue
INFO 2015-06-03 01:21:10,009: Getting email from: https://s3.amazonaws.com/vesper-stubs/email_object.json
INFO 2015-06-03 01:21:20,380: Polling Queue
INFO 2015-06-03 01:21:20,381: Getting email from: https://s3.amazonaws.com/vesper-stubs/email_object.json
INFO 2015-06-03 01:21:30,725: Polling Queue
INFO 2015-06-03 01:21:30,725: Getting email from: https://s3.amazonaws.com/vesper-stubs/email_object.json
INFO 2015-06-03 01:21:41,056: Polling Queue
INFO 2015-06-03 01:21:41,057: Getting email from: https://s3.amazonaws.com/vesper-stubs/email_object.json
INFO 2015-06-03 01:21:44,474: Loading Service
INFO 2015-06-03 01:21:44,475: Dredd is running...
INFO 2015-06-03 01:21:44,475: Starting Dredd
INFO 2015-06-03 01:21:44,476: Polling Queue
INFO 2015-06-03 01:21:44,476: Getting email from: https://s3.amazonaws.com/vesper-stubs/email_object.json
INFO 2015-06-03 01:21:46,805: Polling Queue
INFO 2015-06-03 01:21:46,806: Getting email from: https://s3.amazonaws.com/vesper-stubs/email_object.json
INFO 2015-06-03 01:22:04,445: Loading Service
INFO 2015-06-03 01:22:04,446: Dredd is running...
INFO 2015-06-03 01:22:04,446: Starting Dredd
INFO 2015-06-03 01:22:04,446: Polling Queue
INFO 2015-06-03 01:22:04,446: Getting email from: https://s3.amazonaws.com/vesper-stubs/email_object.json
INFO 2015-06-03 01:22:06,752: Polling Queue
INFO 2015-06-03 01:22:06,753: Getting email from: https://s3.amazonaws.com/vesper-stubs/email_object.json
INFO 2015-06-03 01:22:40,215: Loading Service
INFO 2015-06-03 01:22:40,215: Dredd is running...
INFO 2015-06-03 01:22:40,215: Starting Dredd
INFO 2015-06-03 01:22:40,216: Polling Queue
INFO 2015-06-03 01:22:40,216: Getting email from: https://s3.amazonaws.com/vesper-stubs/email_object.json
INFO 2015-06-03 01:22:40,585: Scoring Email this-be-my-id
INFO 2015-06-03 01:23:01,543: Loading Service
INFO 2015-06-03 01:23:01,543: Dredd is running...
INFO 2015-06-03 01:23:01,544: Starting Dredd
INFO 2015-06-03 01:23:01,544: Polling Queue
INFO 2015-06-03 01:23:01,544: Getting email from: https://s3.amazonaws.com/vesper-stubs/email_object.json
INFO 2015-06-03 01:23:01,908: Scoring Email this-be-my-id
INFO 2015-06-03 01:27:19,878: Loading Service
INFO 2015-06-03 01:27:19,879: Dredd is running...
INFO 2015-06-03 01:27:19,879: Starting Dredd
INFO 2015-06-03 01:27:19,879: Polling Queue
INFO 2015-06-03 01:27:19,880: Getting email from: https://s3.amazonaws.com/vesper-stubs/email_object.json
INFO 2015-06-03 01:27:20,390: Scoring Email this-be-my-id
INFO 2015-06-03 01:27:29,589: Loading Service
INFO 2015-06-03 01:27:29,590: Dredd is running...
INFO 2015-06-03 01:27:29,590: Starting Dredd
INFO 2015-06-03 01:27:29,590: Polling Queue
INFO 2015-06-03 01:27:29,591: Getting email from: https://s3.amazonaws.com/vesper-stubs/email_object.json
INFO 2015-06-03 01:27:29,972: Scoring Email this-be-my-id
INFO 2015-06-03 01:29:57,111: Loading Service
INFO 2015-06-03 01:29:57,111: Dredd is running...
INFO 2015-06-03 01:29:57,111: Starting Dredd
INFO 2015-06-03 01:29:57,111: Polling Queue
INFO 2015-06-03 01:29:57,112: Getting email from: https://s3.amazonaws.com/vesper-stubs/email_object.json
INFO 2015-06-03 01:29:57,486: Scoring Email this-be-my-id
INFO 2015-06-03 01:30:05,239: Loading Service
INFO 2015-06-03 01:30:05,239: Dredd is running...
INFO 2015-06-03 01:30:05,239: Starting Dredd
INFO 2015-06-03 01:30:05,240: Polling Queue
INFO 2015-06-03 01:30:05,240: Getting email from: https://s3.amazonaws.com/vesper-stubs/email_object.json
INFO 2015-06-03 01:30:05,653: Scoring Email this-be-my-id
INFO 2015-06-03 01:30:44,876: Loading Service
INFO 2015-06-03 01:30:44,876: Dredd is running...
INFO 2015-06-03 01:30:44,876: Starting Dredd
INFO 2015-06-03 01:30:44,876: Polling Queue
INFO 2015-06-03 01:30:44,876: Getting email from: https://s3.amazonaws.com/vesper-stubs/email_object.json
INFO 2015-06-03 01:30:45,275: Scoring Email this-be-my-id
INFO 2015-06-03 01:31:23,269: Loading Service
INFO 2015-06-03 01:31:23,269: Dredd is running...
INFO 2015-06-03 01:31:23,269: Starting Dredd
INFO 2015-06-03 01:31:23,270: Polling Queue
INFO 2015-06-03 01:31:23,270: Getting email from: https://s3.amazonaws.com/vesper-stubs/email_object.json
INFO 2015-06-03 01:31:23,662: Scoring Email this-be-my-id
INFO 2015-06-03 01:31:23,709: Adding recommendation {'score': 0.0, 'type': 'email_thread', 'id': u'a-thread-of-email'}
INFO 2015-06-03 01:31:40,161: Loading Service
INFO 2015-06-03 01:31:40,162: Dredd is running...
INFO 2015-06-03 01:31:40,162: Starting Dredd
INFO 2015-06-03 01:31:40,162: Polling Queue
INFO 2015-06-03 01:31:40,162: Getting email from: https://s3.amazonaws.com/vesper-stubs/email_object.json
INFO 2015-06-03 01:31:40,560: Scoring Email this-be-my-id
INFO 2015-06-03 01:31:40,602: Adding recommendation {'score': 0.0, 'type': 'email_thread', 'id': u'a-thread-of-email'}
INFO 2015-06-03 01:31:40,603: Pushing this-be-my-id onto email thread a-thread-of-email
INFO 2015-06-03 01:31:40,603: Saving Emailthis-be-my-id
INFO 2015-06-03 01:31:41,604: Polling Queue
INFO 2015-06-03 01:31:41,605: Getting email from: https://s3.amazonaws.com/vesper-stubs/email_object.json
INFO 2015-06-03 01:31:42,075: Scoring Email this-be-my-id
INFO 2015-06-03 01:31:42,077: Adding recommendation {'score': 0.0, 'type': 'email_thread', 'id': u'a-thread-of-email'}
INFO 2015-06-03 01:31:42,077: Pushing this-be-my-id onto email thread a-thread-of-email
INFO 2015-06-03 01:31:42,079: Saving Emailthis-be-my-id
INFO 2015-06-03 01:31:43,082: Polling Queue
INFO 2015-06-03 01:31:43,083: Getting email from: https://s3.amazonaws.com/vesper-stubs/email_object.json
INFO 2015-06-03 01:31:43,392: Scoring Email this-be-my-id
INFO 2015-06-03 01:31:43,393: Adding recommendation {'score': 0.0, 'type': 'email_thread', 'id': u'a-thread-of-email'}
INFO 2015-06-03 01:31:43,394: Pushing this-be-my-id onto email thread a-thread-of-email
INFO 2015-06-03 01:31:43,395: Saving Emailthis-be-my-id
INFO 2015-06-03 01:31:44,397: Polling Queue
INFO 2015-06-03 01:31:44,398: Getting email from: https://s3.amazonaws.com/vesper-stubs/email_object.json
INFO 2015-06-03 01:31:44,734: Scoring Email this-be-my-id
INFO 2015-06-03 01:31:44,735: Adding recommendation {'score': 0.0, 'type': 'email_thread', 'id': u'a-thread-of-email'}
INFO 2015-06-03 01:31:44,736: Pushing this-be-my-id onto email thread a-thread-of-email
INFO 2015-06-03 01:31:44,737: Saving Emailthis-be-my-id
INFO 2015-06-03 01:31:45,739: Polling Queue
INFO 2015-06-03 01:31:45,740: Getting email from: https://s3.amazonaws.com/vesper-stubs/email_object.json
INFO 2015-06-03 01:31:46,058: Scoring Email this-be-my-id
INFO 2015-06-03 01:31:46,059: Adding recommendation {'score': 0.0, 'type': 'email_thread', 'id': u'a-thread-of-email'}
INFO 2015-06-03 01:31:46,059: Pushing this-be-my-id onto email thread a-thread-of-email
INFO 2015-06-03 01:31:46,059: Saving Emailthis-be-my-id
INFO 2015-06-03 01:31:47,062: Polling Queue
INFO 2015-06-03 01:31:47,062: Getting email from: https://s3.amazonaws.com/vesper-stubs/email_object.json
INFO 2015-06-03 01:31:47,502: Scoring Email this-be-my-id
INFO 2015-06-03 01:31:47,502: Adding recommendation {'score': 0.0, 'type': 'email_thread', 'id': u'a-thread-of-email'}
INFO 2015-06-03 01:31:47,503: Pushing this-be-my-id onto email thread a-thread-of-email
INFO 2015-06-03 01:31:47,504: Saving Emailthis-be-my-id
INFO 2015-06-03 01:31:48,505: Polling Queue
INFO 2015-06-03 01:31:48,506: Getting email from: https://s3.amazonaws.com/vesper-stubs/email_object.json
INFO 2015-06-03 01:31:48,813: Scoring Email this-be-my-id
INFO 2015-06-03 01:31:48,814: Adding recommendation {'score': 0.0, 'type': 'email_thread', 'id': u'a-thread-of-email'}
INFO 2015-06-03 01:31:48,815: Pushing this-be-my-id onto email thread a-thread-of-email
INFO 2015-06-03 01:31:48,815: Saving Emailthis-be-my-id
INFO 2015-06-03 01:31:49,817: Polling Queue
INFO 2015-06-03 01:31:49,817: Getting email from: https://s3.amazonaws.com/vesper-stubs/email_object.json
INFO 2015-06-03 01:31:50,146: Scoring Email this-be-my-id
INFO 2015-06-03 01:31:50,147: Adding recommendation {'score': 0.0, 'type': 'email_thread', 'id': u'a-thread-of-email'}
INFO 2015-06-03 01:31:50,148: Pushing this-be-my-id onto email thread a-thread-of-email
INFO 2015-06-03 01:31:50,148: Saving Emailthis-be-my-id
INFO 2015-06-03 01:31:51,150: Polling Queue
INFO 2015-06-03 01:31:51,150: Getting email from: https://s3.amazonaws.com/vesper-stubs/email_object.json
INFO 2015-06-03 01:31:51,460: Scoring Email this-be-my-id
INFO 2015-06-03 01:31:51,461: Adding recommendation {'score': 0.0, 'type': 'email_thread', 'id': u'a-thread-of-email'}
INFO 2015-06-03 01:31:51,461: Pushing this-be-my-id onto email thread a-thread-of-email
INFO 2015-06-03 01:31:51,461: Saving Emailthis-be-my-id
INFO 2015-06-03 01:31:52,463: Polling Queue
INFO 2015-06-03 01:31:52,463: Getting email from: https://s3.amazonaws.com/vesper-stubs/email_object.json
INFO 2015-06-03 01:31:52,769: Scoring Email this-be-my-id
INFO 2015-06-03 01:31:52,770: Adding recommendation {'score': 0.0, 'type': 'email_thread', 'id': u'a-thread-of-email'}
INFO 2015-06-03 01:31:52,770: Pushing this-be-my-id onto email thread a-thread-of-email
INFO 2015-06-03 01:31:52,771: Saving Emailthis-be-my-id
INFO 2015-06-03 01:31:53,772: Polling Queue
INFO 2015-06-03 01:31:53,773: Getting email from: https://s3.amazonaws.com/vesper-stubs/email_object.json
INFO 2015-06-03 01:31:54,090: Scoring Email this-be-my-id
INFO 2015-06-03 01:31:54,091: Adding recommendation {'score': 0.0, 'type': 'email_thread', 'id': u'a-thread-of-email'}
INFO 2015-06-03 01:31:54,091: Pushing this-be-my-id onto email thread a-thread-of-email
INFO 2015-06-03 01:31:54,092: Saving Emailthis-be-my-id
INFO 2015-06-03 01:31:55,094: Polling Queue
INFO 2015-06-03 01:31:55,094: Getting email from: https://s3.amazonaws.com/vesper-stubs/email_object.json
INFO 2015-06-03 01:31:55,407: Scoring Email this-be-my-id
INFO 2015-06-03 01:31:55,409: Adding recommendation {'score': 0.0, 'type': 'email_thread', 'id': u'a-thread-of-email'}
INFO 2015-06-03 01:31:55,409: Pushing this-be-my-id onto email thread a-thread-of-email
INFO 2015-06-03 01:31:55,410: Saving Emailthis-be-my-id
INFO 2015-06-03 01:31:56,412: Polling Queue
INFO 2015-06-03 01:31:56,413: Getting email from: https://s3.amazonaws.com/vesper-stubs/email_object.json
INFO 2015-06-03 01:31:56,731: Scoring Email this-be-my-id
INFO 2015-06-03 01:31:56,732: Adding recommendation {'score': 0.0, 'type': 'email_thread', 'id': u'a-thread-of-email'}
INFO 2015-06-03 01:31:56,733: Pushing this-be-my-id onto email thread a-thread-of-email
INFO 2015-06-03 01:31:56,733: Saving Emailthis-be-my-id
INFO 2015-06-03 01:31:57,735: Polling Queue
INFO 2015-06-03 01:31:57,736: Getting email from: https://s3.amazonaws.com/vesper-stubs/email_object.json
INFO 2015-06-03 01:31:58,076: Scoring Email this-be-my-id
INFO 2015-06-03 01:31:58,077: Adding recommendation {'score': 0.0, 'type': 'email_thread', 'id': u'a-thread-of-email'}
INFO 2015-06-03 01:31:58,077: Pushing this-be-my-id onto email thread a-thread-of-email
INFO 2015-06-03 01:31:58,078: Saving Emailthis-be-my-id
INFO 2015-06-03 01:31:59,080: Polling Queue
INFO 2015-06-03 01:31:59,081: Getting email from: https://s3.amazonaws.com/vesper-stubs/email_object.json
INFO 2015-06-03 01:31:59,408: Scoring Email this-be-my-id
INFO 2015-06-03 01:31:59,409: Adding recommendation {'score': 0.0, 'type': 'email_thread', 'id': u'a-thread-of-email'}
INFO 2015-06-03 01:31:59,409: Pushing this-be-my-id onto email thread a-thread-of-email
INFO 2015-06-03 01:31:59,410: Saving Emailthis-be-my-id
INFO 2015-06-03 01:32:00,412: Polling Queue
INFO 2015-06-03 01:32:00,412: Getting email from: https://s3.amazonaws.com/vesper-stubs/email_object.json
INFO 2015-06-03 01:32:00,726: Scoring Email this-be-my-id
INFO 2015-06-03 01:32:00,728: Adding recommendation {'score': 0.0, 'type': 'email_thread', 'id': u'a-thread-of-email'}
INFO 2015-06-03 01:32:00,728: Pushing this-be-my-id onto email thread a-thread-of-email
INFO 2015-06-03 01:32:00,729: Saving Emailthis-be-my-id
INFO 2015-06-03 01:32:01,730: Polling Queue
INFO 2015-06-03 01:32:01,731: Getting email from: https://s3.amazonaws.com/vesper-stubs/email_object.json
INFO 2015-06-03 01:32:02,226: Scoring Email this-be-my-id
INFO 2015-06-03 01:32:02,226: Adding recommendation {'score': 0.0, 'type': 'email_thread', 'id': u'a-thread-of-email'}
INFO 2015-06-03 01:32:02,227: Pushing this-be-my-id onto email thread a-thread-of-email
INFO 2015-06-03 01:32:02,227: Saving Emailthis-be-my-id
INFO 2015-06-03 01:32:03,229: Polling Queue
INFO 2015-06-03 01:32:03,229: Getting email from: https://s3.amazonaws.com/vesper-stubs/email_object.json
INFO 2015-06-03 01:32:03,877: Scoring Email this-be-my-id
INFO 2015-06-03 01:32:03,879: Adding recommendation {'score': 0.0, 'type': 'email_thread', 'id': u'a-thread-of-email'}
INFO 2015-06-03 01:32:03,879: Pushing this-be-my-id onto email thread a-thread-of-email
INFO 2015-06-03 01:32:03,880: Saving Emailthis-be-my-id
INFO 2015-06-03 01:32:04,883: Polling Queue
INFO 2015-06-03 01:32:04,883: Getting email from: https://s3.amazonaws.com/vesper-stubs/email_object.json
INFO 2015-06-03 01:32:05,541: Scoring Email this-be-my-id
INFO 2015-06-03 01:32:05,542: Adding recommendation {'score': 0.0, 'type': 'email_thread', 'id': u'a-thread-of-email'}
INFO 2015-06-03 01:32:05,542: Pushing this-be-my-id onto email thread a-thread-of-email
INFO 2015-06-03 01:32:05,542: Saving Emailthis-be-my-id
INFO 2015-06-03 01:32:06,544: Polling Queue
INFO 2015-06-03 01:32:06,545: Getting email from: https://s3.amazonaws.com/vesper-stubs/email_object.json
INFO 2015-06-03 01:32:07,224: Scoring Email this-be-my-id
INFO 2015-06-03 01:32:07,225: Adding recommendation {'score': 0.0, 'type': 'email_thread', 'id': u'a-thread-of-email'}
INFO 2015-06-03 01:32:07,226: Pushing this-be-my-id onto email thread a-thread-of-email
INFO 2015-06-03 01:32:07,226: Saving Emailthis-be-my-id
INFO 2015-06-03 01:32:08,228: Polling Queue
INFO 2015-06-03 01:32:08,228: Getting email from: https://s3.amazonaws.com/vesper-stubs/email_object.json
INFO 2015-06-03 01:32:08,886: Scoring Email this-be-my-id
INFO 2015-06-03 01:32:08,887: Adding recommendation {'score': 0.0, 'type': 'email_thread', 'id': u'a-thread-of-email'}
INFO 2015-06-03 01:32:08,887: Pushing this-be-my-id onto email thread a-thread-of-email
INFO 2015-06-03 01:32:08,888: Saving Emailthis-be-my-id
INFO 2015-06-03 01:32:09,890: Polling Queue
INFO 2015-06-03 01:32:09,890: Getting email from: https://s3.amazonaws.com/vesper-stubs/email_object.json
INFO 2015-06-03 01:32:10,570: Scoring Email this-be-my-id
INFO 2015-06-03 01:32:10,571: Adding recommendation {'score': 0.0, 'type': 'email_thread', 'id': u'a-thread-of-email'}
INFO 2015-06-03 01:32:10,571: Pushing this-be-my-id onto email thread a-thread-of-email
INFO 2015-06-03 01:32:10,572: Saving Emailthis-be-my-id
INFO 2015-06-03 01:32:11,573: Polling Queue
INFO 2015-06-03 01:32:11,573: Getting email from: https://s3.amazonaws.com/vesper-stubs/email_object.json
INFO 2015-06-03 01:32:12,108: Scoring Email this-be-my-id
INFO 2015-06-03 01:32:12,109: Adding recommendation {'score': 0.0, 'type': 'email_thread', 'id': u'a-thread-of-email'}
INFO 2015-06-03 01:32:12,110: Pushing this-be-my-id onto email thread a-thread-of-email
INFO 2015-06-03 01:32:12,110: Saving Emailthis-be-my-id
INFO 2015-06-03 01:32:13,112: Polling Queue
INFO 2015-06-03 01:32:13,113: Getting email from: https://s3.amazonaws.com/vesper-stubs/email_object.json
INFO 2015-06-03 01:32:13,821: Scoring Email this-be-my-id
INFO 2015-06-03 01:32:13,821: Adding recommendation {'score': 0.0, 'type': 'email_thread', 'id': u'a-thread-of-email'}
INFO 2015-06-03 01:32:13,822: Pushing this-be-my-id onto email thread a-thread-of-email
INFO 2015-06-03 01:32:13,822: Saving Emailthis-be-my-id
INFO 2015-06-03 01:32:14,823: Polling Queue
INFO 2015-06-03 01:32:14,824: Getting email from: https://s3.amazonaws.com/vesper-stubs/email_object.json
INFO 2015-06-03 01:32:15,472: Scoring Email this-be-my-id
INFO 2015-06-03 01:32:15,473: Adding recommendation {'score': 0.0, 'type': 'email_thread', 'id': u'a-thread-of-email'}
INFO 2015-06-03 01:32:15,473: Pushing this-be-my-id onto email thread a-thread-of-email
INFO 2015-06-03 01:32:15,473: Saving Emailthis-be-my-id
INFO 2015-06-03 01:32:16,476: Polling Queue
INFO 2015-06-03 01:32:16,477: Getting email from: https://s3.amazonaws.com/vesper-stubs/email_object.json
INFO 2015-06-03 01:32:16,789: Scoring Email this-be-my-id
INFO 2015-06-03 01:32:16,790: Adding recommendation {'score': 0.0, 'type': 'email_thread', 'id': u'a-thread-of-email'}
INFO 2015-06-03 01:32:16,790: Pushing this-be-my-id onto email thread a-thread-of-email
INFO 2015-06-03 01:32:16,791: Saving Emailthis-be-my-id
INFO 2015-06-03 01:32:17,794: Polling Queue
INFO 2015-06-03 01:32:17,795: Getting email from: https://s3.amazonaws.com/vesper-stubs/email_object.json
INFO 2015-06-03 01:32:18,144: Scoring Email this-be-my-id
INFO 2015-06-03 01:32:18,145: Adding recommendation {'score': 0.0, 'type': 'email_thread', 'id': u'a-thread-of-email'}
INFO 2015-06-03 01:32:18,145: Pushing this-be-my-id onto email thread a-thread-of-email
INFO 2015-06-03 01:32:18,146: Saving Emailthis-be-my-id
INFO 2015-06-03 01:32:19,147: Polling Queue
INFO 2015-06-03 01:32:19,147: Getting email from: https://s3.amazonaws.com/vesper-stubs/email_object.json
INFO 2015-06-03 01:32:19,456: Scoring Email this-be-my-id
INFO 2015-06-03 01:32:19,457: Adding recommendation {'score': 0.0, 'type': 'email_thread', 'id': u'a-thread-of-email'}
INFO 2015-06-03 01:32:19,458: Pushing this-be-my-id onto email thread a-thread-of-email
INFO 2015-06-03 01:32:19,458: Saving Emailthis-be-my-id
INFO 2015-06-03 01:32:20,461: Polling Queue
INFO 2015-06-03 01:32:20,461: Getting email from: https://s3.amazonaws.com/vesper-stubs/email_object.json
INFO 2015-06-03 01:32:20,774: Scoring Email this-be-my-id
INFO 2015-06-03 01:32:20,775: Adding recommendation {'score': 0.0, 'type': 'email_thread', 'id': u'a-thread-of-email'}
INFO 2015-06-03 01:32:20,776: Pushing this-be-my-id onto email thread a-thread-of-email
INFO 2015-06-03 01:32:20,777: Saving Emailthis-be-my-id
INFO 2015-06-03 01:32:21,780: Polling Queue
INFO 2015-06-03 01:32:21,781: Getting email from: https://s3.amazonaws.com/vesper-stubs/email_object.json
INFO 2015-06-03 01:32:22,160: Scoring Email this-be-my-id
INFO 2015-06-03 01:32:22,161: Adding recommendation {'score': 0.0, 'type': 'email_thread', 'id': u'a-thread-of-email'}
INFO 2015-06-03 01:32:22,161: Pushing this-be-my-id onto email thread a-thread-of-email
INFO 2015-06-03 01:32:22,161: Saving Emailthis-be-my-id
INFO 2015-06-03 01:32:24,245: Loading Service
INFO 2015-06-03 01:32:24,245: Dredd is running...
INFO 2015-06-03 01:32:24,245: Starting Dredd
INFO 2015-06-03 01:32:24,245: Polling Queue
INFO 2015-06-03 01:32:24,246: Getting email from: https://s3.amazonaws.com/vesper-stubs/email_object.json
INFO 2015-06-03 01:32:24,617: Scoring Email this-be-my-id
INFO 2015-06-03 01:32:24,656: Adding recommendation {'score': 0.0, 'type': 'email_thread', 'id': u'a-thread-of-email'}
INFO 2015-06-03 01:32:24,656: Pushing this-be-my-id onto email thread a-thread-of-email
INFO 2015-06-03 01:32:24,657: Saving Emailthis-be-my-id
INFO 2015-06-03 01:32:25,658: Polling Queue
INFO 2015-06-03 01:32:25,659: Getting email from: https://s3.amazonaws.com/vesper-stubs/email_object.json
INFO 2015-06-03 01:32:25,971: Scoring Email this-be-my-id
INFO 2015-06-03 01:32:25,972: Adding recommendation {'score': 0.0, 'type': 'email_thread', 'id': u'a-thread-of-email'}
INFO 2015-06-03 01:32:25,973: Pushing this-be-my-id onto email thread a-thread-of-email
INFO 2015-06-03 01:32:25,973: Saving Emailthis-be-my-id
INFO 2015-06-03 01:32:26,975: Polling Queue
INFO 2015-06-03 01:32:26,975: Getting email from: https://s3.amazonaws.com/vesper-stubs/email_object.json
INFO 2015-06-03 01:32:27,267: Scoring Email this-be-my-id
INFO 2015-06-03 01:32:27,268: Adding recommendation {'score': 0.0, 'type': 'email_thread', 'id': u'a-thread-of-email'}
INFO 2015-06-03 01:32:27,268: Pushing this-be-my-id onto email thread a-thread-of-email
INFO 2015-06-03 01:32:27,269: Saving Emailthis-be-my-id
INFO 2015-06-03 01:32:28,270: Polling Queue
INFO 2015-06-03 01:32:28,271: Getting email from: https://s3.amazonaws.com/vesper-stubs/email_object.json
INFO 2015-06-03 01:32:28,587: Scoring Email this-be-my-id
INFO 2015-06-03 01:32:28,588: Adding recommendation {'score': 0.0, 'type': 'email_thread', 'id': u'a-thread-of-email'}
INFO 2015-06-03 01:32:28,589: Pushing this-be-my-id onto email thread a-thread-of-email
INFO 2015-06-03 01:32:28,589: Saving Emailthis-be-my-id
INFO 2015-06-03 01:58:37,481: Loading Service
INFO 2015-06-03 01:58:37,482: Dredd is running...
INFO 2015-06-03 01:58:37,482: Starting Dredd
INFO 2015-06-03 01:58:37,482: Polling Queue
INFO 2015-06-03 01:58:37,483: Getting email from: https://s3.amazonaws.com/vesper-stubs/email_object.json
INFO 2015-06-03 01:58:37,878: Scoring Email this-be-my-id
INFO 2015-06-03 01:58:37,924: Adding recommendation {'score': 0.0, 'type': 'email_thread', 'id': u'a-thread-of-email'}
INFO 2015-06-03 01:58:37,928: Pushing this-be-my-id onto email thread a-thread-of-email
INFO 2015-06-03 01:58:37,928: Saving Emailthis-be-my-id
INFO 2015-06-03 01:58:38,929: Polling Queue
INFO 2015-06-03 01:58:38,930: Getting email from: https://s3.amazonaws.com/vesper-stubs/email_object.json
INFO 2015-06-03 01:58:39,309: Scoring Email this-be-my-id
INFO 2015-06-03 01:58:39,311: Adding recommendation {'score': 0.0, 'type': 'email_thread', 'id': u'a-thread-of-email'}
INFO 2015-06-03 01:58:39,312: Pushing this-be-my-id onto email thread a-thread-of-email
INFO 2015-06-03 01:58:39,312: Saving Emailthis-be-my-id
INFO 2015-06-03 01:58:40,314: Polling Queue
INFO 2015-06-03 01:58:40,314: Getting email from: https://s3.amazonaws.com/vesper-stubs/email_object.json
INFO 2015-06-03 01:58:40,617: Scoring Email this-be-my-id
INFO 2015-06-03 01:58:40,620: Adding recommendation {'score': 0.0, 'type': 'email_thread', 'id': u'a-thread-of-email'}
INFO 2015-06-03 01:58:40,621: Pushing this-be-my-id onto email thread a-thread-of-email
INFO 2015-06-03 01:58:40,622: Saving Emailthis-be-my-id
INFO 2015-06-03 01:58:41,623: Polling Queue
INFO 2015-06-03 01:58:41,624: Getting email from: https://s3.amazonaws.com/vesper-stubs/email_object.json
INFO 2015-06-03 01:58:41,967: Scoring Email this-be-my-id
INFO 2015-06-03 01:58:41,970: Adding recommendation {'score': 0.0, 'type': 'email_thread', 'id': u'a-thread-of-email'}
INFO 2015-06-03 01:58:41,970: Pushing this-be-my-id onto email thread a-thread-of-email
INFO 2015-06-03 01:58:41,971: Saving Emailthis-be-my-id
INFO 2015-06-03 01:58:42,972: Polling Queue
INFO 2015-06-03 01:58:42,973: Getting email from: https://s3.amazonaws.com/vesper-stubs/email_object.json
INFO 2015-06-03 01:58:43,298: Scoring Email this-be-my-id
INFO 2015-06-03 01:58:43,300: Adding recommendation {'score': 0.0, 'type': 'email_thread', 'id': u'a-thread-of-email'}
INFO 2015-06-03 01:58:43,300: Pushing this-be-my-id onto email thread a-thread-of-email
INFO 2015-06-03 01:58:43,300: Saving Emailthis-be-my-id
INFO 2015-06-03 01:58:44,303: Polling Queue
INFO 2015-06-03 01:58:44,303: Getting email from: https://s3.amazonaws.com/vesper-stubs/email_object.json
INFO 2015-06-03 01:58:44,933: Scoring Email this-be-my-id
INFO 2015-06-03 01:58:44,936: Adding recommendation {'score': 0.0, 'type': 'email_thread', 'id': u'a-thread-of-email'}
INFO 2015-06-03 01:58:44,937: Pushing this-be-my-id onto email thread a-thread-of-email
INFO 2015-06-03 01:58:44,937: Saving Emailthis-be-my-id
INFO 2015-06-03 01:58:45,941: Polling Queue
INFO 2015-06-03 01:58:45,941: Getting email from: https://s3.amazonaws.com/vesper-stubs/email_object.json
WARNING 2015-06-03 01:58:45,993: There was an error pulling email data fromhttps://s3.amazonaws.com/vesper-stubs/email_object.json
INFO 2015-06-03 01:58:45,994: No Email Found
INFO 2015-06-03 01:58:47,996: Polling Queue
INFO 2015-06-03 01:58:47,997: Getting email from: https://s3.amazonaws.com/vesper-stubs/email_object.json
INFO 2015-06-03 01:58:48,327: Scoring Email this-be-my-id
INFO 2015-06-03 01:58:48,330: Adding recommendation {'score': 0.0, 'type': 'email_thread', 'id': u'a-thread-of-email'}
INFO 2015-06-03 01:58:48,331: Pushing this-be-my-id onto email thread a-thread-of-email
INFO 2015-06-03 01:58:48,331: Saving Emailthis-be-my-id
